<?xml version="1.0" encoding="UTF-8"?>
<!-- Generated by org.testng.reporters.JUnitReportReporter -->
<testsuite hostname="Khalid" failures="0" tests="6" name="Test_Scripts_Sports_Fitness.Testing_Links" time="92.814" errors="0" timestamp="2024-09-02T14:13:08 IST" skipped="0">
  <testcase classname="Test_Scripts_Sports_Fitness.Testing_Links" name="Test1_Testing_Links_Of_SportsFitness_SubCategory" time="10.277"/>
  <testcase classname="Test_Scripts_Sports_Fitness.Testing_Links" name="Testing_Search_Functionality" time="11.784"/>
  <testcase classname="Test_Scripts_Sports_Fitness.Testing_Links" name="Testing_Filter_Functionality" time="12.941"/>
  <testcase classname="Test_Scripts_Sports_Fitness.Testing_Links" name="Testing_Compare_Functionality" time="16.915"/>
  <testcase classname="Test_Scripts_Sports_Fitness.Testing_Links" name="Testing_Quick_view_Functionality" time="14.832"/>
  <testcase classname="Test_Scripts_Sports_Fitness.Testing_Links" name="Testing_AddToCart_Functionality" time="26.065"/>
</testsuite> <!-- Test_Scripts_Sports_Fitness.Testing_Links -->
