<?xml version="1.0" encoding="UTF-8"?>
<!-- Generated by org.testng.reporters.JUnitReportReporter -->
<testsuite hostname="Khalid" failures="0" tests="1" name="Test_Scripts_Sports_Fitness.Testing_Search" time="7.288" errors="0" timestamp="2024-08-29T21:30:48 IST" skipped="0">
  <testcase classname="Test_Scripts_Sports_Fitness.Testing_Search" name="Testing_Search_Functionality" time="7.288"/>
</testsuite> <!-- Test_Scripts_Sports_Fitness.Testing_Search -->
