<?xml version="1.0" encoding="UTF-8"?>
<!-- Generated by org.testng.reporters.JUnitReportReporter -->
<testsuite hostname="Khalid" failures="0" tests="1" name="Test_Script.Testing_Links" time="5.658" errors="0" timestamp="2024-08-29T18:28:28 IST" skipped="0">
  <testcase classname="Test_Script.Testing_Links" name="Test1_Testing_Links_Of_SportsFitness_SubCategory" time="5.658"/>
</testsuite> <!-- Test_Script.Testing_Links -->
