<?xml version="1.0" encoding="UTF-8"?>
<!-- Generated by org.testng.reporters.JUnitReportReporter -->
<testsuite hostname="Khalid" failures="0" tests="2" name="Base.Base1" time="12.274" errors="0" timestamp="2024-08-29T23:14:26 IST" skipped="0">
  <testcase classname="Base.Base1" name="Test1_Testing_Links_Of_SportsFitness_SubCategory" time="5.743"/>
  <testcase classname="Base.Base1" name="Testing_Search_Functionality" time="6.531"/>
</testsuite> <!-- Base.Base1 -->
